Library/Bee/Android/Prj/IL2CPP/Gradle/launcher/build/intermediates/manifest_merge_blame_file/debug/manifest-merger-blame-debug-report.txt
1<?xml version="1.0" encoding="utf-8"?>
2<manifest xmlns:android="http://schemas.android.com/apk/res/android"
3    package="com.DefaultCompany.ISL"
4    android:installLocation="preferExternal"
5    android:versionCode="1"
6    android:versionName="0.1" >
7
8    <uses-sdk
9        android:minSdkVersion="22"
9-->src/main/AndroidManifest.xml
10        android:targetSdkVersion="35" />
10-->src/main/AndroidManifest.xml
11
12    <supports-screens
12-->src/main/AndroidManifest.xml:3:3-163
13        android:anyDensity="true"
13-->src/main/AndroidManifest.xml:3:135-160
14        android:largeScreens="true"
14-->src/main/AndroidManifest.xml:3:78-105
15        android:normalScreens="true"
15-->src/main/AndroidManifest.xml:3:49-77
16        android:smallScreens="true"
16-->src/main/AndroidManifest.xml:3:21-48
17        android:xlargeScreens="true" />
17-->src/main/AndroidManifest.xml:3:106-134
18
19    <uses-feature android:glEsVersion="0x00030000" />
19-->[:unityLibrary] AndroidManifest.xml:8:5-54
19-->[:unityLibrary] AndroidManifest.xml:8:19-51
20
21    <uses-permission android:name="android.permission.INTERNET" />
21-->[:unityLibrary] AndroidManifest.xml:10:5-67
21-->[:unityLibrary] AndroidManifest.xml:10:22-64
22
23    <uses-feature
23-->[:unityLibrary] AndroidManifest.xml:12:5-14:36
24        android:name="android.hardware.touchscreen"
24-->[:unityLibrary] AndroidManifest.xml:13:9-52
25        android:required="false" />
25-->[:unityLibrary] AndroidManifest.xml:14:9-33
26    <uses-feature
26-->[:unityLibrary] AndroidManifest.xml:15:5-17:36
27        android:name="android.hardware.touchscreen.multitouch"
27-->[:unityLibrary] AndroidManifest.xml:16:9-63
28        android:required="false" />
28-->[:unityLibrary] AndroidManifest.xml:17:9-33
29    <uses-feature
29-->[:unityLibrary] AndroidManifest.xml:18:5-20:36
30        android:name="android.hardware.touchscreen.multitouch.distinct"
30-->[:unityLibrary] AndroidManifest.xml:19:9-72
31        android:required="false" />
31-->[:unityLibrary] AndroidManifest.xml:20:9-33
32
33    <uses-permission android:name="android.permission.WRITE_EXTERNAL_STORAGE" />
34    <uses-permission android:name="android.permission.READ_PHONE_STATE" />
35    <uses-permission android:name="android.permission.READ_EXTERNAL_STORAGE" />
36
37    <application
37-->src/main/AndroidManifest.xml:4:3-83
38        android:debuggable="true"
39        android:extractNativeLibs="true"
39-->[:unityLibrary] AndroidManifest.xml:22:18-50
40        android:icon="@mipmap/app_icon"
40-->src/main/AndroidManifest.xml:4:49-80
41        android:label="@string/app_name" >
41-->src/main/AndroidManifest.xml:4:16-48
42        <activity
42-->[:unityLibrary] AndroidManifest.xml:23:9-44:20
43            android:name="com.unity3d.player.UnityPlayerActivity"
43-->[:unityLibrary] AndroidManifest.xml:24:13-66
44            android:configChanges="mcc|mnc|locale|touchscreen|keyboard|keyboardHidden|navigation|orientation|screenLayout|uiMode|screenSize|smallestScreenSize|fontScale|layoutDirection|density"
44-->[:unityLibrary] AndroidManifest.xml:25:13-194
45            android:exported="true"
45-->[:unityLibrary] AndroidManifest.xml:26:13-36
46            android:hardwareAccelerated="false"
46-->[:unityLibrary] AndroidManifest.xml:27:13-48
47            android:launchMode="singleTask"
47-->[:unityLibrary] AndroidManifest.xml:28:13-44
48            android:resizeableActivity="false"
48-->[:unityLibrary] AndroidManifest.xml:29:13-47
49            android:screenOrientation="fullUser"
49-->[:unityLibrary] AndroidManifest.xml:30:13-49
50            android:theme="@style/UnityThemeSelector" >
50-->[:unityLibrary] AndroidManifest.xml:31:13-54
51            <intent-filter>
51-->[:unityLibrary] AndroidManifest.xml:32:13-36:29
52                <action android:name="android.intent.action.MAIN" />
52-->[:unityLibrary] AndroidManifest.xml:33:17-69
52-->[:unityLibrary] AndroidManifest.xml:33:25-66
53
54                <category android:name="android.intent.category.LAUNCHER" />
54-->[:unityLibrary] AndroidManifest.xml:35:17-77
54-->[:unityLibrary] AndroidManifest.xml:35:27-74
55            </intent-filter>
56
57            <meta-data
57-->[:unityLibrary] AndroidManifest.xml:38:13-40:40
58                android:name="unityplayer.UnityActivity"
58-->[:unityLibrary] AndroidManifest.xml:39:17-57
59                android:value="true" />
59-->[:unityLibrary] AndroidManifest.xml:40:17-37
60            <meta-data
60-->[:unityLibrary] AndroidManifest.xml:41:13-43:40
61                android:name="android.notch_support"
61-->[:unityLibrary] AndroidManifest.xml:42:17-53
62                android:value="true" />
62-->[:unityLibrary] AndroidManifest.xml:43:17-37
63        </activity>
64
65        <meta-data
65-->[:unityLibrary] AndroidManifest.xml:46:9-48:33
66            android:name="unity.splash-mode"
66-->[:unityLibrary] AndroidManifest.xml:47:13-45
67            android:value="0" />
67-->[:unityLibrary] AndroidManifest.xml:48:13-30
68        <meta-data
68-->[:unityLibrary] AndroidManifest.xml:49:9-51:36
69            android:name="unity.splash-enable"
69-->[:unityLibrary] AndroidManifest.xml:50:13-47
70            android:value="True" />
70-->[:unityLibrary] AndroidManifest.xml:51:13-33
71        <meta-data
71-->[:unityLibrary] AndroidManifest.xml:52:9-54:36
72            android:name="unity.launch-fullscreen"
72-->[:unityLibrary] AndroidManifest.xml:53:13-51
73            android:value="True" />
73-->[:unityLibrary] AndroidManifest.xml:54:13-33
74        <meta-data
74-->[:unityLibrary] AndroidManifest.xml:55:9-57:50
75            android:name="notch.config"
75-->[:unityLibrary] AndroidManifest.xml:56:13-40
76            android:value="portrait|landscape" />
76-->[:unityLibrary] AndroidManifest.xml:57:13-47
77        <meta-data
77-->[:unityLibrary] AndroidManifest.xml:58:9-60:36
78            android:name="unity.auto-report-fully-drawn"
78-->[:unityLibrary] AndroidManifest.xml:59:13-57
79            android:value="true" />
79-->[:unityLibrary] AndroidManifest.xml:60:13-33
80    </application>
81
82</manifest>